23:43:49 INFO  : Registering command handlers for SDK TCF services
23:43:52 INFO  : Adding '/home/catabit/.opt/petalinux/tools/hsm/data/embeddedsw' as a new local repository.
23:43:53 INFO  : Result from executing command 'getProjects': 
23:43:53 INFO  : Result from executing command 'getProjects': 
23:43:53 INFO  : Result from executing command 'getProjects': 
23:44:17 INFO  : Result from executing command 'getDefinitions': {assembler-flags={description=Miscellaneous flags for assembler , props=add set}, build-config={values=Debug,Release, description=Get/set build configuration, props=set}, library-search-path={description=Search path for the libraries added, props=add remove}, compiler-misc={description=Compiler miscellaneous flags, props=add set}, define-compiler-symbols={description=Define symbols. Ex. MYSYMBOL, props=add remove}, compiler-optimization={values=None (-O0), Optimize (-O1), Optimize more (-O2), Optimize most (-O3), Optimize for size (-Os), description=Optimization level, props=set}, libraries={description=Libraries to be added while linking, props=add remove}, undef-compiler-symbols={description=Undefine symbols. Ex. MYSYMBOL, props=add remove}, linker-misc={description=Linker miscellaneous flags, props=add set}, include-path={description=Include path for header files, props=add remove}, linker-script={description=Linker script for linking the program sections, props=set}}
23:44:17 INFO  : Result from executing command 'getProjects': fsbl;fsbl_bsp;fsbl_hwproj
23:44:17 INFO  : Result from executing command 'set': null
23:44:17 INFO  : Result from executing command 'getProjects': fsbl;fsbl_bsp;fsbl_hwproj
23:44:17 INFO  : Result from executing command 'getProjects': fsbl;fsbl_bsp;fsbl_hwproj
23:44:17 INFO  : Result from executing command 'getProjects': fsbl;fsbl_bsp;fsbl_hwproj
23:44:17 INFO  : Result from executing command 'getProjects': fsbl;fsbl_bsp;fsbl_hwproj
23:44:17 INFO  : Result from executing command 'getProjects': fsbl;fsbl_bsp;fsbl_hwproj
23:44:17 INFO  : Result from executing command 'getProjects': fsbl;fsbl_bsp;fsbl_hwproj
23:44:17 INFO  : Result from executing command 'getProjects': fsbl;fsbl_bsp;fsbl_hwproj
23:44:17 INFO  : Result from executing command 'getProjects': fsbl;fsbl_bsp;fsbl_hwproj
23:44:17 INFO  : Result from executing command 'getProjects': fsbl;fsbl_bsp;fsbl_hwproj
23:44:17 INFO  : Result from executing command 'getProjects': fsbl;fsbl_bsp;fsbl_hwproj
23:44:17 INFO  : Result from executing command 'getProjects': fsbl;fsbl_bsp;fsbl_hwproj
23:44:17 INFO  : Result from executing command 'getProjects': fsbl;fsbl_bsp;fsbl_hwproj
23:44:17 INFO  : Result from executing command 'getProjects': fsbl;fsbl_bsp;fsbl_hwproj
23:44:17 INFO  : Result from executing command 'getProjects': fsbl;fsbl_bsp;fsbl_hwproj
23:44:18 INFO  : Result from executing command 'getProjects': fsbl;fsbl_bsp;fsbl_hwproj
23:44:18 INFO  : Result from executing command 'getProjects': fsbl;fsbl_bsp;fsbl_hwproj
23:44:18 INFO  : Result from executing command 'getProjects': fsbl;fsbl_bsp;fsbl_hwproj
23:44:18 INFO  : Result from executing command 'getProjects': fsbl;fsbl_bsp;fsbl_hwproj
23:44:18 INFO  : Result from executing command 'getProjects': fsbl;fsbl_bsp;fsbl_hwproj
23:44:18 INFO  : Result from executing command 'getProjects': fsbl;fsbl_bsp;fsbl_hwproj
23:44:18 INFO  : Result from executing command 'getProjects': fsbl;fsbl_bsp;fsbl_hwproj
23:44:30 INFO  : Registering command handlers for SDK TCF services
00:24:23 INFO  : Registering command handlers for SDK TCF services
00:24:26 INFO  : Restoring local repository preferences: 
		 /home/catabit/.opt/petalinux/tools/hsm/data/embeddedsw
00:24:31 INFO  : Result from executing command 'getProjects': fsbl_hwproj
00:24:31 INFO  : Result from executing command 'getProjects': fsbl_bsp
00:24:31 INFO  : Result from executing command 'getProjects': fsbl
00:24:35 INFO  : The new hardware specification file contains the same information as the current specification file. No changes were done to the workspace.
00:24:35 INFO  : Result from executing command 'getDefinitions': {assembler-flags={description=Miscellaneous flags for assembler , props=add set}, build-config={values=Debug,Release, description=Get/set build configuration, props=set}, library-search-path={description=Search path for the libraries added, props=add remove}, compiler-misc={description=Compiler miscellaneous flags, props=add set}, define-compiler-symbols={description=Define symbols. Ex. MYSYMBOL, props=add remove}, compiler-optimization={values=None (-O0), Optimize (-O1), Optimize more (-O2), Optimize most (-O3), Optimize for size (-Os), description=Optimization level, props=set}, libraries={description=Libraries to be added while linking, props=add remove}, undef-compiler-symbols={description=Undefine symbols. Ex. MYSYMBOL, props=add remove}, linker-misc={description=Linker miscellaneous flags, props=add set}, include-path={description=Include path for header files, props=add remove}, linker-script={description=Linker script for linking the program sections, props=set}}
00:24:35 INFO  : Result from executing command 'getProjects': fsbl;fsbl_bsp;fsbl_hwproj
00:24:38 INFO  : Result from executing command 'set': null
00:24:38 INFO  : Result from executing command 'getProjects': fsbl;fsbl_bsp;fsbl_hwproj
00:24:38 INFO  : Result from executing command 'getProjects': fsbl;fsbl_bsp;fsbl_hwproj
00:24:38 INFO  : Result from executing command 'getProjects': fsbl;fsbl_bsp;fsbl_hwproj
00:24:38 INFO  : Result from executing command 'getProjects': fsbl;fsbl_bsp;fsbl_hwproj
00:24:38 INFO  : Result from executing command 'getProjects': fsbl;fsbl_bsp;fsbl_hwproj
00:24:38 INFO  : Result from executing command 'getProjects': fsbl;fsbl_bsp;fsbl_hwproj
00:24:38 INFO  : Result from executing command 'getProjects': fsbl;fsbl_bsp;fsbl_hwproj
00:24:38 INFO  : Result from executing command 'getProjects': fsbl;fsbl_bsp;fsbl_hwproj
00:24:40 INFO  : Result from executing command 'getProjects': fsbl;fsbl_bsp;fsbl_hwproj
00:24:40 INFO  : Result from executing command 'getProjects': fsbl;fsbl_bsp;fsbl_hwproj
00:24:40 INFO  : Result from executing command 'getProjects': fsbl;fsbl_bsp;fsbl_hwproj
00:24:40 INFO  : Result from executing command 'getProjects': fsbl;fsbl_bsp;fsbl_hwproj
00:24:40 INFO  : Result from executing command 'getProjects': fsbl;fsbl_bsp;fsbl_hwproj
00:24:40 INFO  : Result from executing command 'getProjects': fsbl;fsbl_bsp;fsbl_hwproj
00:24:40 INFO  : Result from executing command 'getProjects': fsbl;fsbl_bsp;fsbl_hwproj
00:24:40 INFO  : Result from executing command 'getProjects': fsbl;fsbl_bsp;fsbl_hwproj
00:24:52 INFO  : Registering command handlers for SDK TCF services
19:16:44 INFO  : Registering command handlers for SDK TCF services
19:16:46 INFO  : Restoring local repository preferences: 
		 /home/catabit/.opt/petalinux/tools/hsm/data/embeddedsw
19:16:50 INFO  : Result from executing command 'getProjects': fsbl_hwproj
19:16:50 INFO  : Result from executing command 'getProjects': fsbl_bsp
19:16:50 INFO  : Result from executing command 'getProjects': fsbl
19:16:54 INFO  : Copied contents of /home/catabit/Zybo/ledBtnAxiTut/build/tmp/deploy/images/plnx_arm/Xilinx-plnx_arm.hdf into /fsbl_hwproj/system.hdf.
19:16:58 INFO  : Synchronizing projects in the workspace with the hardware platform specification changes.
19:17:00 INFO  : 
19:17:03 INFO  : Updating hardware inferred compiler options for fsbl.
19:17:03 INFO  : Clearing existing target manager status.
19:17:03 WARN  : Given IPC port value is invalid. Using default port 2350
19:17:03 WARN  : Given XMD timeout value is invalid. Using default value of 50000
19:17:10 WARN  : Given XMD transaction timeout value is invalid. Using default value of 60000 milli seconds
19:17:10 INFO  : Workspace synchronized with the new hardware specification file. Cleaning dependent projects...
19:17:12 WARN  : Linker script will not be updated automatically. Users need to update it manually.
19:17:12 INFO  : Result from executing command 'getDefinitions': {assembler-flags={description=Miscellaneous flags for assembler , props=add set}, build-config={values=Debug,Release, description=Get/set build configuration, props=set}, library-search-path={description=Search path for the libraries added, props=add remove}, compiler-misc={description=Compiler miscellaneous flags, props=add set}, define-compiler-symbols={description=Define symbols. Ex. MYSYMBOL, props=add remove}, compiler-optimization={values=None (-O0), Optimize (-O1), Optimize more (-O2), Optimize most (-O3), Optimize for size (-Os), description=Optimization level, props=set}, libraries={description=Libraries to be added while linking, props=add remove}, undef-compiler-symbols={description=Undefine symbols. Ex. MYSYMBOL, props=add remove}, linker-misc={description=Linker miscellaneous flags, props=add set}, include-path={description=Include path for header files, props=add remove}, linker-script={description=Linker script for linking the program sections, props=set}}
19:17:12 INFO  : Result from executing command 'getProjects': fsbl;fsbl_bsp;fsbl_hwproj
19:17:12 INFO  : Result from executing command 'set': null
19:17:12 INFO  : Result from executing command 'getProjects': fsbl;fsbl_bsp;fsbl_hwproj
19:17:12 INFO  : Result from executing command 'getProjects': fsbl;fsbl_bsp;fsbl_hwproj
19:17:12 INFO  : Result from executing command 'getProjects': fsbl;fsbl_bsp;fsbl_hwproj
19:17:12 INFO  : Result from executing command 'getProjects': fsbl;fsbl_bsp;fsbl_hwproj
19:17:12 INFO  : Result from executing command 'getProjects': fsbl;fsbl_bsp;fsbl_hwproj
19:17:12 INFO  : Result from executing command 'getProjects': fsbl;fsbl_bsp;fsbl_hwproj
19:17:12 INFO  : Result from executing command 'getProjects': fsbl;fsbl_bsp;fsbl_hwproj
19:17:12 INFO  : Result from executing command 'getProjects': fsbl;fsbl_bsp;fsbl_hwproj
19:17:12 INFO  : Result from executing command 'getProjects': fsbl;fsbl_bsp;fsbl_hwproj
19:17:12 INFO  : Result from executing command 'getProjects': fsbl;fsbl_bsp;fsbl_hwproj
19:17:12 INFO  : Result from executing command 'getProjects': fsbl;fsbl_bsp;fsbl_hwproj
19:17:12 INFO  : Result from executing command 'getProjects': fsbl;fsbl_bsp;fsbl_hwproj
19:17:12 INFO  : Result from executing command 'getProjects': fsbl;fsbl_bsp;fsbl_hwproj
19:17:12 INFO  : Result from executing command 'getProjects': fsbl;fsbl_bsp;fsbl_hwproj
19:17:12 INFO  : Result from executing command 'getProjects': fsbl;fsbl_bsp;fsbl_hwproj
19:17:12 INFO  : Result from executing command 'getProjects': fsbl;fsbl_bsp;fsbl_hwproj
19:17:12 ERROR : Unexpected error while parsing XMD response ￿: com.google.gson.JsonSyntaxException: com.google.gson.stream.MalformedJsonException: invalid number or unquoted string near 
19:17:23 INFO  : Registering command handlers for SDK TCF services
19:20:48 INFO  : Registering command handlers for SDK TCF services
00:00:41 INFO  : Registering command handlers for SDK TCF services
00:00:47 INFO  : Restoring local repository preferences: 
		 /home/catabit/.opt/petalinux/tools/hsm/data/embeddedsw
00:01:00 INFO  : Result from executing command 'getProjects': fsbl_hwproj
00:01:00 INFO  : Result from executing command 'getProjects': fsbl_bsp
00:01:00 INFO  : Result from executing command 'getProjects': fsbl
00:01:04 INFO  : Copied contents of /home/catabit/Zybo/ledBtnAxiTut/build/tmp/deploy/images/plnx_arm/Xilinx-plnx_arm.hdf into /fsbl_hwproj/system.hdf.
00:01:09 INFO  : Synchronizing projects in the workspace with the hardware platform specification changes.
00:01:12 INFO  : 
00:01:26 INFO  : Updating hardware inferred compiler options for fsbl.
00:01:26 INFO  : Clearing existing target manager status.
00:01:27 WARN  : Given IPC port value is invalid. Using default port 2350
00:01:27 WARN  : Unable to obtain port 2350 for use by XMD, java.net.BindException: Address already in use (Bind failed)
00:01:27 WARN  : Given XMD timeout value is invalid. Using default value of 50000
00:01:40 WARN  : Given XMD transaction timeout value is invalid. Using default value of 60000 milli seconds
00:01:40 INFO  : Workspace synchronized with the new hardware specification file. Cleaning dependent projects...
00:01:42 WARN  : Linker script will not be updated automatically. Users need to update it manually.
00:01:42 INFO  : Result from executing command 'getDefinitions': {assembler-flags={description=Miscellaneous flags for assembler , props=add set}, build-config={values=Debug,Release, description=Get/set build configuration, props=set}, library-search-path={description=Search path for the libraries added, props=add remove}, compiler-misc={description=Compiler miscellaneous flags, props=add set}, define-compiler-symbols={description=Define symbols. Ex. MYSYMBOL, props=add remove}, compiler-optimization={values=None (-O0), Optimize (-O1), Optimize more (-O2), Optimize most (-O3), Optimize for size (-Os), description=Optimization level, props=set}, libraries={description=Libraries to be added while linking, props=add remove}, undef-compiler-symbols={description=Undefine symbols. Ex. MYSYMBOL, props=add remove}, linker-misc={description=Linker miscellaneous flags, props=add set}, include-path={description=Include path for header files, props=add remove}, linker-script={description=Linker script for linking the program sections, props=set}}
00:01:42 INFO  : Result from executing command 'getProjects': fsbl;fsbl_bsp;fsbl_hwproj
00:01:42 INFO  : Result from executing command 'set': null
00:01:42 INFO  : Result from executing command 'getProjects': fsbl;fsbl_bsp;fsbl_hwproj
00:01:42 INFO  : Result from executing command 'getProjects': fsbl;fsbl_bsp;fsbl_hwproj
00:01:42 INFO  : Result from executing command 'getProjects': fsbl;fsbl_bsp;fsbl_hwproj
00:01:42 INFO  : Result from executing command 'getProjects': fsbl;fsbl_bsp;fsbl_hwproj
00:01:42 INFO  : Result from executing command 'getProjects': fsbl;fsbl_bsp;fsbl_hwproj
00:01:42 INFO  : Result from executing command 'getProjects': fsbl;fsbl_bsp;fsbl_hwproj
00:01:42 INFO  : Result from executing command 'getProjects': fsbl;fsbl_bsp;fsbl_hwproj
00:01:42 INFO  : Result from executing command 'getProjects': fsbl;fsbl_bsp;fsbl_hwproj
00:01:42 INFO  : Result from executing command 'getProjects': fsbl;fsbl_bsp;fsbl_hwproj
00:01:42 INFO  : Result from executing command 'getProjects': fsbl;fsbl_bsp;fsbl_hwproj
00:01:42 INFO  : Result from executing command 'getProjects': fsbl;fsbl_bsp;fsbl_hwproj
00:01:42 INFO  : Result from executing command 'getProjects': fsbl;fsbl_bsp;fsbl_hwproj
00:01:42 INFO  : Result from executing command 'getProjects': fsbl;fsbl_bsp;fsbl_hwproj
00:01:42 INFO  : Result from executing command 'getProjects': fsbl;fsbl_bsp;fsbl_hwproj
00:01:42 INFO  : Result from executing command 'getProjects': fsbl;fsbl_bsp;fsbl_hwproj
00:01:42 INFO  : Result from executing command 'getProjects': fsbl;fsbl_bsp;fsbl_hwproj
00:01:43 ERROR : Unexpected error while parsing XMD response ￿: com.google.gson.JsonSyntaxException: com.google.gson.stream.MalformedJsonException: invalid number or unquoted string near 
00:01:54 INFO  : Registering command handlers for SDK TCF services
00:08:03 INFO  : Registering command handlers for SDK TCF services
01:12:39 INFO  : Registering command handlers for SDK TCF services
01:12:41 INFO  : Restoring local repository preferences: 
		 /home/catabit/.opt/petalinux/tools/hsm/data/embeddedsw
01:12:44 INFO  : Result from executing command 'getProjects': fsbl_hwproj
01:12:44 INFO  : Result from executing command 'getProjects': fsbl_bsp
01:12:44 INFO  : Result from executing command 'getProjects': fsbl
01:12:48 INFO  : Copied contents of /home/catabit/Zybo/ledBtnAxiTut/build/tmp/deploy/images/plnx_arm/Xilinx-plnx_arm.hdf into /fsbl_hwproj/system.hdf.
01:12:53 INFO  : Synchronizing projects in the workspace with the hardware platform specification changes.
01:12:54 INFO  : 
01:12:57 INFO  : Updating hardware inferred compiler options for fsbl.
01:12:57 INFO  : Clearing existing target manager status.
01:12:57 WARN  : Given IPC port value is invalid. Using default port 2350
01:12:57 WARN  : Unable to obtain port 2350 for use by XMD, java.net.BindException: Address already in use (Bind failed)
01:12:57 WARN  : Given XMD timeout value is invalid. Using default value of 50000
01:13:02 WARN  : Given XMD transaction timeout value is invalid. Using default value of 60000 milli seconds
01:13:02 INFO  : Workspace synchronized with the new hardware specification file. Cleaning dependent projects...
01:13:04 WARN  : Linker script will not be updated automatically. Users need to update it manually.
01:13:04 INFO  : Result from executing command 'getDefinitions': {assembler-flags={description=Miscellaneous flags for assembler , props=add set}, build-config={values=Debug,Release, description=Get/set build configuration, props=set}, library-search-path={description=Search path for the libraries added, props=add remove}, compiler-misc={description=Compiler miscellaneous flags, props=add set}, define-compiler-symbols={description=Define symbols. Ex. MYSYMBOL, props=add remove}, compiler-optimization={values=None (-O0), Optimize (-O1), Optimize more (-O2), Optimize most (-O3), Optimize for size (-Os), description=Optimization level, props=set}, libraries={description=Libraries to be added while linking, props=add remove}, undef-compiler-symbols={description=Undefine symbols. Ex. MYSYMBOL, props=add remove}, linker-misc={description=Linker miscellaneous flags, props=add set}, include-path={description=Include path for header files, props=add remove}, linker-script={description=Linker script for linking the program sections, props=set}}
01:13:04 INFO  : Result from executing command 'getProjects': fsbl;fsbl_bsp;fsbl_hwproj
01:13:04 INFO  : Result from executing command 'set': null
01:13:04 INFO  : Result from executing command 'getProjects': fsbl;fsbl_bsp;fsbl_hwproj
01:13:04 INFO  : Result from executing command 'getProjects': fsbl;fsbl_bsp;fsbl_hwproj
01:13:04 INFO  : Result from executing command 'getProjects': fsbl;fsbl_bsp;fsbl_hwproj
01:13:04 INFO  : Result from executing command 'getProjects': fsbl;fsbl_bsp;fsbl_hwproj
01:13:04 INFO  : Result from executing command 'getProjects': fsbl;fsbl_bsp;fsbl_hwproj
01:13:04 INFO  : Result from executing command 'getProjects': fsbl;fsbl_bsp;fsbl_hwproj
01:13:04 INFO  : Result from executing command 'getProjects': fsbl;fsbl_bsp;fsbl_hwproj
01:13:04 INFO  : Result from executing command 'getProjects': fsbl;fsbl_bsp;fsbl_hwproj
01:13:04 INFO  : Result from executing command 'getProjects': fsbl;fsbl_bsp;fsbl_hwproj
01:13:04 INFO  : Result from executing command 'getProjects': fsbl;fsbl_bsp;fsbl_hwproj
01:13:04 INFO  : Result from executing command 'getProjects': fsbl;fsbl_bsp;fsbl_hwproj
01:13:04 INFO  : Result from executing command 'getProjects': fsbl;fsbl_bsp;fsbl_hwproj
01:13:04 INFO  : Result from executing command 'getProjects': fsbl;fsbl_bsp;fsbl_hwproj
01:13:04 INFO  : Result from executing command 'getProjects': fsbl;fsbl_bsp;fsbl_hwproj
01:13:04 INFO  : Result from executing command 'getProjects': fsbl;fsbl_bsp;fsbl_hwproj
01:13:04 INFO  : Result from executing command 'getProjects': fsbl;fsbl_bsp;fsbl_hwproj
01:13:04 ERROR : Unexpected error while parsing XMD response ￿: com.google.gson.JsonSyntaxException: com.google.gson.stream.MalformedJsonException: invalid number or unquoted string near 
01:13:15 INFO  : Registering command handlers for SDK TCF services
01:30:17 INFO  : Registering command handlers for SDK TCF services
01:30:19 INFO  : Restoring local repository preferences: 
		 /home/catabit/.opt/petalinux/tools/hsm/data/embeddedsw
01:30:20 INFO  : Result from executing command 'getProjects': fsbl_hwproj
01:30:20 INFO  : Result from executing command 'getProjects': fsbl_bsp
01:30:20 INFO  : Result from executing command 'getProjects': fsbl
01:30:25 INFO  : The new hardware specification file contains the same information as the current specification file. No changes were done to the workspace.
01:30:25 INFO  : Result from executing command 'getDefinitions': {assembler-flags={description=Miscellaneous flags for assembler , props=add set}, build-config={values=Debug,Release, description=Get/set build configuration, props=set}, library-search-path={description=Search path for the libraries added, props=add remove}, compiler-misc={description=Compiler miscellaneous flags, props=add set}, define-compiler-symbols={description=Define symbols. Ex. MYSYMBOL, props=add remove}, compiler-optimization={values=None (-O0), Optimize (-O1), Optimize more (-O2), Optimize most (-O3), Optimize for size (-Os), description=Optimization level, props=set}, libraries={description=Libraries to be added while linking, props=add remove}, undef-compiler-symbols={description=Undefine symbols. Ex. MYSYMBOL, props=add remove}, linker-misc={description=Linker miscellaneous flags, props=add set}, include-path={description=Include path for header files, props=add remove}, linker-script={description=Linker script for linking the program sections, props=set}}
01:30:25 INFO  : Result from executing command 'getProjects': fsbl;fsbl_bsp;fsbl_hwproj
01:30:29 INFO  : Result from executing command 'set': null
01:30:29 INFO  : Result from executing command 'getProjects': fsbl;fsbl_bsp;fsbl_hwproj
01:30:29 INFO  : Result from executing command 'getProjects': fsbl;fsbl_bsp;fsbl_hwproj
01:30:29 INFO  : Result from executing command 'getProjects': fsbl;fsbl_bsp;fsbl_hwproj
01:30:29 INFO  : Result from executing command 'getProjects': fsbl;fsbl_bsp;fsbl_hwproj
01:30:29 INFO  : Result from executing command 'getProjects': fsbl;fsbl_bsp;fsbl_hwproj
01:30:29 INFO  : Result from executing command 'getProjects': fsbl;fsbl_bsp;fsbl_hwproj
01:30:29 INFO  : Result from executing command 'getProjects': fsbl;fsbl_bsp;fsbl_hwproj
01:30:29 INFO  : Result from executing command 'getProjects': fsbl;fsbl_bsp;fsbl_hwproj
01:30:30 INFO  : Result from executing command 'getProjects': fsbl;fsbl_bsp;fsbl_hwproj
01:30:30 INFO  : Result from executing command 'getProjects': fsbl;fsbl_bsp;fsbl_hwproj
01:30:30 INFO  : Result from executing command 'getProjects': fsbl;fsbl_bsp;fsbl_hwproj
01:30:30 INFO  : Result from executing command 'getProjects': fsbl;fsbl_bsp;fsbl_hwproj
01:30:30 INFO  : Result from executing command 'getProjects': fsbl;fsbl_bsp;fsbl_hwproj
01:30:30 INFO  : Result from executing command 'getProjects': fsbl;fsbl_bsp;fsbl_hwproj
01:30:30 INFO  : Result from executing command 'getProjects': fsbl;fsbl_bsp;fsbl_hwproj
01:30:30 INFO  : Result from executing command 'getProjects': fsbl;fsbl_bsp;fsbl_hwproj
01:30:42 INFO  : Registering command handlers for SDK TCF services
13:48:01 INFO  : Registering command handlers for SDK TCF services
13:48:04 INFO  : Restoring local repository preferences: 
		 /home/catabit/.opt/petalinux/tools/hsm/data/embeddedsw
13:48:10 INFO  : Result from executing command 'getProjects': fsbl_hwproj
13:48:10 INFO  : Result from executing command 'getProjects': fsbl_bsp
13:48:10 INFO  : Result from executing command 'getProjects': fsbl
13:48:12 INFO  : The new hardware specification file contains the same information as the current specification file. No changes were done to the workspace.
13:48:12 INFO  : Result from executing command 'getDefinitions': {assembler-flags={description=Miscellaneous flags for assembler , props=add set}, build-config={values=Debug,Release, description=Get/set build configuration, props=set}, library-search-path={description=Search path for the libraries added, props=add remove}, compiler-misc={description=Compiler miscellaneous flags, props=add set}, define-compiler-symbols={description=Define symbols. Ex. MYSYMBOL, props=add remove}, compiler-optimization={values=None (-O0), Optimize (-O1), Optimize more (-O2), Optimize most (-O3), Optimize for size (-Os), description=Optimization level, props=set}, libraries={description=Libraries to be added while linking, props=add remove}, undef-compiler-symbols={description=Undefine symbols. Ex. MYSYMBOL, props=add remove}, linker-misc={description=Linker miscellaneous flags, props=add set}, include-path={description=Include path for header files, props=add remove}, linker-script={description=Linker script for linking the program sections, props=set}}
13:48:12 INFO  : Result from executing command 'getProjects': fsbl;fsbl_bsp;fsbl_hwproj
13:48:15 INFO  : Result from executing command 'set': null
13:48:15 INFO  : Result from executing command 'getProjects': fsbl;fsbl_bsp;fsbl_hwproj
13:48:15 INFO  : Result from executing command 'getProjects': fsbl;fsbl_bsp;fsbl_hwproj
13:48:15 INFO  : Result from executing command 'getProjects': fsbl;fsbl_bsp;fsbl_hwproj
13:48:15 INFO  : Result from executing command 'getProjects': fsbl;fsbl_bsp;fsbl_hwproj
13:48:15 INFO  : Result from executing command 'getProjects': fsbl;fsbl_bsp;fsbl_hwproj
13:48:15 INFO  : Result from executing command 'getProjects': fsbl;fsbl_bsp;fsbl_hwproj
13:48:15 INFO  : Result from executing command 'getProjects': fsbl;fsbl_bsp;fsbl_hwproj
13:48:15 INFO  : Result from executing command 'getProjects': fsbl;fsbl_bsp;fsbl_hwproj
13:48:16 INFO  : Result from executing command 'getProjects': fsbl;fsbl_bsp;fsbl_hwproj
13:48:16 INFO  : Result from executing command 'getProjects': fsbl;fsbl_bsp;fsbl_hwproj
13:48:16 INFO  : Result from executing command 'getProjects': fsbl;fsbl_bsp;fsbl_hwproj
13:48:16 INFO  : Result from executing command 'getProjects': fsbl;fsbl_bsp;fsbl_hwproj
13:48:16 INFO  : Result from executing command 'getProjects': fsbl;fsbl_bsp;fsbl_hwproj
13:48:16 INFO  : Result from executing command 'getProjects': fsbl;fsbl_bsp;fsbl_hwproj
13:48:16 INFO  : Result from executing command 'getProjects': fsbl;fsbl_bsp;fsbl_hwproj
13:48:16 INFO  : Result from executing command 'getProjects': fsbl;fsbl_bsp;fsbl_hwproj
13:48:27 INFO  : Registering command handlers for SDK TCF services
14:13:36 INFO  : Registering command handlers for SDK TCF services
14:13:41 INFO  : Restoring local repository preferences: 
		 /home/catabit/.opt/petalinux/tools/hsm/data/embeddedsw
14:13:49 INFO  : Result from executing command 'getProjects': fsbl_hwproj
14:13:49 INFO  : Result from executing command 'getProjects': fsbl_bsp
14:13:49 INFO  : Result from executing command 'getProjects': fsbl
14:13:52 INFO  : Copied contents of /home/catabit/Zybo/ledBtnAxiTut/build/tmp/deploy/images/plnx_arm/Xilinx-plnx_arm.hdf into /fsbl_hwproj/system.hdf.
14:13:54 INFO  : Synchronizing projects in the workspace with the hardware platform specification changes.
14:13:57 INFO  : 
14:14:08 INFO  : Updating hardware inferred compiler options for fsbl.
14:14:08 INFO  : Clearing existing target manager status.
14:14:09 WARN  : Given IPC port value is invalid. Using default port 2350
14:14:09 WARN  : Given XMD timeout value is invalid. Using default value of 50000
14:14:28 WARN  : Given XMD transaction timeout value is invalid. Using default value of 60000 milli seconds
14:14:29 INFO  : Workspace synchronized with the new hardware specification file. Cleaning dependent projects...
14:14:31 WARN  : Linker script will not be updated automatically. Users need to update it manually.
14:14:31 INFO  : Result from executing command 'getDefinitions': {assembler-flags={description=Miscellaneous flags for assembler , props=add set}, build-config={values=Debug,Release, description=Get/set build configuration, props=set}, library-search-path={description=Search path for the libraries added, props=add remove}, compiler-misc={description=Compiler miscellaneous flags, props=add set}, define-compiler-symbols={description=Define symbols. Ex. MYSYMBOL, props=add remove}, compiler-optimization={values=None (-O0), Optimize (-O1), Optimize more (-O2), Optimize most (-O3), Optimize for size (-Os), description=Optimization level, props=set}, libraries={description=Libraries to be added while linking, props=add remove}, undef-compiler-symbols={description=Undefine symbols. Ex. MYSYMBOL, props=add remove}, linker-misc={description=Linker miscellaneous flags, props=add set}, include-path={description=Include path for header files, props=add remove}, linker-script={description=Linker script for linking the program sections, props=set}}
14:14:31 INFO  : Result from executing command 'getProjects': fsbl;fsbl_bsp;fsbl_hwproj
14:14:31 INFO  : Result from executing command 'set': null
14:14:31 INFO  : Result from executing command 'getProjects': fsbl;fsbl_bsp;fsbl_hwproj
14:14:31 INFO  : Result from executing command 'getProjects': fsbl;fsbl_bsp;fsbl_hwproj
14:14:31 INFO  : Result from executing command 'getProjects': fsbl;fsbl_bsp;fsbl_hwproj
14:14:31 INFO  : Result from executing command 'getProjects': fsbl;fsbl_bsp;fsbl_hwproj
14:14:31 INFO  : Result from executing command 'getProjects': fsbl;fsbl_bsp;fsbl_hwproj
14:14:31 INFO  : Result from executing command 'getProjects': fsbl;fsbl_bsp;fsbl_hwproj
14:14:31 INFO  : Result from executing command 'getProjects': fsbl;fsbl_bsp;fsbl_hwproj
14:14:32 INFO  : Result from executing command 'getProjects': fsbl;fsbl_bsp;fsbl_hwproj
14:14:32 INFO  : Result from executing command 'getProjects': fsbl;fsbl_bsp;fsbl_hwproj
14:14:32 INFO  : Result from executing command 'getProjects': fsbl;fsbl_bsp;fsbl_hwproj
14:14:32 INFO  : Result from executing command 'getProjects': fsbl;fsbl_bsp;fsbl_hwproj
14:14:32 INFO  : Result from executing command 'getProjects': fsbl;fsbl_bsp;fsbl_hwproj
14:14:32 INFO  : Result from executing command 'getProjects': fsbl;fsbl_bsp;fsbl_hwproj
14:14:32 INFO  : Result from executing command 'getProjects': fsbl;fsbl_bsp;fsbl_hwproj
14:14:32 INFO  : Result from executing command 'getProjects': fsbl;fsbl_bsp;fsbl_hwproj
14:14:32 INFO  : Result from executing command 'getProjects': fsbl;fsbl_bsp;fsbl_hwproj
14:14:33 ERROR : Unexpected error while parsing XMD response ￿: com.google.gson.JsonSyntaxException: com.google.gson.stream.MalformedJsonException: invalid number or unquoted string near 
14:14:42 INFO  : Registering command handlers for SDK TCF services
14:40:50 INFO  : Registering command handlers for SDK TCF services
14:40:52 INFO  : Restoring local repository preferences: 
		 /home/catabit/.opt/petalinux/tools/hsm/data/embeddedsw
14:40:52 INFO  : Result from executing command 'getProjects': fsbl_hwproj
14:40:52 INFO  : Result from executing command 'getProjects': fsbl_bsp
14:40:52 INFO  : Result from executing command 'getProjects': fsbl
14:40:54 INFO  : The new hardware specification file contains the same information as the current specification file. No changes were done to the workspace.
14:40:54 INFO  : Result from executing command 'getDefinitions': {assembler-flags={description=Miscellaneous flags for assembler , props=add set}, build-config={values=Debug,Release, description=Get/set build configuration, props=set}, library-search-path={description=Search path for the libraries added, props=add remove}, compiler-misc={description=Compiler miscellaneous flags, props=add set}, define-compiler-symbols={description=Define symbols. Ex. MYSYMBOL, props=add remove}, compiler-optimization={values=None (-O0), Optimize (-O1), Optimize more (-O2), Optimize most (-O3), Optimize for size (-Os), description=Optimization level, props=set}, libraries={description=Libraries to be added while linking, props=add remove}, undef-compiler-symbols={description=Undefine symbols. Ex. MYSYMBOL, props=add remove}, linker-misc={description=Linker miscellaneous flags, props=add set}, include-path={description=Include path for header files, props=add remove}, linker-script={description=Linker script for linking the program sections, props=set}}
14:40:54 INFO  : Result from executing command 'getProjects': fsbl;fsbl_bsp;fsbl_hwproj
14:40:57 INFO  : Result from executing command 'set': null
14:40:57 INFO  : Result from executing command 'getProjects': fsbl;fsbl_bsp;fsbl_hwproj
14:40:57 INFO  : Result from executing command 'getProjects': fsbl;fsbl_bsp;fsbl_hwproj
14:40:57 INFO  : Result from executing command 'getProjects': fsbl;fsbl_bsp;fsbl_hwproj
14:40:57 INFO  : Result from executing command 'getProjects': fsbl;fsbl_bsp;fsbl_hwproj
14:40:57 INFO  : Result from executing command 'getProjects': fsbl;fsbl_bsp;fsbl_hwproj
14:40:57 INFO  : Result from executing command 'getProjects': fsbl;fsbl_bsp;fsbl_hwproj
14:40:57 INFO  : Result from executing command 'getProjects': fsbl;fsbl_bsp;fsbl_hwproj
14:40:57 INFO  : Result from executing command 'getProjects': fsbl;fsbl_bsp;fsbl_hwproj
14:40:59 INFO  : Result from executing command 'getProjects': fsbl;fsbl_bsp;fsbl_hwproj
14:40:59 INFO  : Result from executing command 'getProjects': fsbl;fsbl_bsp;fsbl_hwproj
14:40:59 INFO  : Result from executing command 'getProjects': fsbl;fsbl_bsp;fsbl_hwproj
14:40:59 INFO  : Result from executing command 'getProjects': fsbl;fsbl_bsp;fsbl_hwproj
14:40:59 INFO  : Result from executing command 'getProjects': fsbl;fsbl_bsp;fsbl_hwproj
14:40:59 INFO  : Result from executing command 'getProjects': fsbl;fsbl_bsp;fsbl_hwproj
14:40:59 INFO  : Result from executing command 'getProjects': fsbl;fsbl_bsp;fsbl_hwproj
14:40:59 INFO  : Result from executing command 'getProjects': fsbl;fsbl_bsp;fsbl_hwproj
14:44:10 INFO  : Registering command handlers for SDK TCF services
15:00:54 INFO  : Registering command handlers for SDK TCF services
15:00:56 INFO  : Restoring local repository preferences: 
		 /home/catabit/.opt/petalinux/tools/hsm/data/embeddedsw
15:01:01 INFO  : Result from executing command 'getProjects': fsbl_hwproj
15:01:01 INFO  : Result from executing command 'getProjects': fsbl_bsp
15:01:01 INFO  : Result from executing command 'getProjects': fsbl
15:01:03 INFO  : Copied contents of /home/catabit/Zybo/ledBtnAxiTut/build/tmp/deploy/images/plnx_arm/Xilinx-plnx_arm.hdf into /fsbl_hwproj/system.hdf.
15:01:05 INFO  : Synchronizing projects in the workspace with the hardware platform specification changes.
15:01:06 INFO  : 
15:01:07 INFO  : Updating hardware inferred compiler options for fsbl.
15:01:07 INFO  : Clearing existing target manager status.
15:01:07 WARN  : Given IPC port value is invalid. Using default port 2350
15:01:07 WARN  : Given XMD timeout value is invalid. Using default value of 50000
15:01:12 WARN  : Given XMD transaction timeout value is invalid. Using default value of 60000 milli seconds
15:01:12 INFO  : Workspace synchronized with the new hardware specification file. Cleaning dependent projects...
15:01:13 WARN  : Linker script will not be updated automatically. Users need to update it manually.
15:01:13 INFO  : Result from executing command 'getDefinitions': {assembler-flags={description=Miscellaneous flags for assembler , props=add set}, build-config={values=Debug,Release, description=Get/set build configuration, props=set}, library-search-path={description=Search path for the libraries added, props=add remove}, compiler-misc={description=Compiler miscellaneous flags, props=add set}, define-compiler-symbols={description=Define symbols. Ex. MYSYMBOL, props=add remove}, compiler-optimization={values=None (-O0), Optimize (-O1), Optimize more (-O2), Optimize most (-O3), Optimize for size (-Os), description=Optimization level, props=set}, libraries={description=Libraries to be added while linking, props=add remove}, undef-compiler-symbols={description=Undefine symbols. Ex. MYSYMBOL, props=add remove}, linker-misc={description=Linker miscellaneous flags, props=add set}, include-path={description=Include path for header files, props=add remove}, linker-script={description=Linker script for linking the program sections, props=set}}
15:01:13 INFO  : Result from executing command 'getProjects': fsbl;fsbl_bsp;fsbl_hwproj
15:01:14 INFO  : Result from executing command 'set': null
15:01:14 INFO  : Result from executing command 'getProjects': fsbl;fsbl_bsp;fsbl_hwproj
15:01:14 INFO  : Result from executing command 'getProjects': fsbl;fsbl_bsp;fsbl_hwproj
15:01:14 INFO  : Result from executing command 'getProjects': fsbl;fsbl_bsp;fsbl_hwproj
15:01:14 INFO  : Result from executing command 'getProjects': fsbl;fsbl_bsp;fsbl_hwproj
15:01:14 INFO  : Result from executing command 'getProjects': fsbl;fsbl_bsp;fsbl_hwproj
15:01:14 INFO  : Result from executing command 'getProjects': fsbl;fsbl_bsp;fsbl_hwproj
15:01:14 INFO  : Result from executing command 'getProjects': fsbl;fsbl_bsp;fsbl_hwproj
15:01:14 INFO  : Result from executing command 'getProjects': fsbl;fsbl_bsp;fsbl_hwproj
15:01:14 INFO  : Result from executing command 'getProjects': fsbl;fsbl_bsp;fsbl_hwproj
15:01:14 INFO  : Result from executing command 'getProjects': fsbl;fsbl_bsp;fsbl_hwproj
15:01:14 INFO  : Result from executing command 'getProjects': fsbl;fsbl_bsp;fsbl_hwproj
15:01:14 INFO  : Result from executing command 'getProjects': fsbl;fsbl_bsp;fsbl_hwproj
15:01:14 INFO  : Result from executing command 'getProjects': fsbl;fsbl_bsp;fsbl_hwproj
15:01:14 INFO  : Result from executing command 'getProjects': fsbl;fsbl_bsp;fsbl_hwproj
15:01:14 INFO  : Result from executing command 'getProjects': fsbl;fsbl_bsp;fsbl_hwproj
15:01:14 INFO  : Result from executing command 'getProjects': fsbl;fsbl_bsp;fsbl_hwproj
15:01:14 ERROR : Unexpected error while parsing XMD response ￿: com.google.gson.JsonSyntaxException: com.google.gson.stream.MalformedJsonException: invalid number or unquoted string near 
15:01:23 INFO  : Registering command handlers for SDK TCF services
16:56:14 INFO  : Registering command handlers for SDK TCF services
16:56:18 INFO  : Restoring local repository preferences: 
		 /home/catabit/.opt/petalinux/tools/hsm/data/embeddedsw
16:56:33 INFO  : Result from executing command 'getProjects': fsbl_hwproj
16:56:33 INFO  : Result from executing command 'getProjects': fsbl_bsp
16:56:33 INFO  : Result from executing command 'getProjects': fsbl
16:56:35 INFO  : Copied contents of /home/catabit/Zybo/ledBtnAxiTut/build/tmp/deploy/images/plnx_arm/Xilinx-plnx_arm.hdf into /fsbl_hwproj/system.hdf.
16:56:38 INFO  : Synchronizing projects in the workspace with the hardware platform specification changes.
16:56:41 INFO  : 
16:56:52 INFO  : Updating hardware inferred compiler options for fsbl.
16:56:52 INFO  : Clearing existing target manager status.
16:56:53 WARN  : Given IPC port value is invalid. Using default port 2350
16:56:53 WARN  : Unable to obtain port 2350 for use by XMD, java.net.BindException: Address already in use (Bind failed)
16:56:53 WARN  : Given XMD timeout value is invalid. Using default value of 50000
16:57:10 WARN  : Given XMD transaction timeout value is invalid. Using default value of 60000 milli seconds
16:57:11 INFO  : Workspace synchronized with the new hardware specification file. Cleaning dependent projects...
16:57:12 WARN  : Linker script will not be updated automatically. Users need to update it manually.
16:57:12 INFO  : Result from executing command 'getDefinitions': {assembler-flags={description=Miscellaneous flags for assembler , props=add set}, build-config={values=Debug,Release, description=Get/set build configuration, props=set}, library-search-path={description=Search path for the libraries added, props=add remove}, compiler-misc={description=Compiler miscellaneous flags, props=add set}, define-compiler-symbols={description=Define symbols. Ex. MYSYMBOL, props=add remove}, compiler-optimization={values=None (-O0), Optimize (-O1), Optimize more (-O2), Optimize most (-O3), Optimize for size (-Os), description=Optimization level, props=set}, libraries={description=Libraries to be added while linking, props=add remove}, undef-compiler-symbols={description=Undefine symbols. Ex. MYSYMBOL, props=add remove}, linker-misc={description=Linker miscellaneous flags, props=add set}, include-path={description=Include path for header files, props=add remove}, linker-script={description=Linker script for linking the program sections, props=set}}
16:57:12 INFO  : Result from executing command 'getProjects': fsbl;fsbl_bsp;fsbl_hwproj
16:57:12 INFO  : Result from executing command 'set': null
16:57:12 INFO  : Result from executing command 'getProjects': fsbl;fsbl_bsp;fsbl_hwproj
16:57:12 INFO  : Result from executing command 'getProjects': fsbl;fsbl_bsp;fsbl_hwproj
16:57:12 INFO  : Result from executing command 'getProjects': fsbl;fsbl_bsp;fsbl_hwproj
16:57:12 INFO  : Result from executing command 'getProjects': fsbl;fsbl_bsp;fsbl_hwproj
16:57:12 INFO  : Result from executing command 'getProjects': fsbl;fsbl_bsp;fsbl_hwproj
16:57:12 INFO  : Result from executing command 'getProjects': fsbl;fsbl_bsp;fsbl_hwproj
16:57:12 INFO  : Result from executing command 'getProjects': fsbl;fsbl_bsp;fsbl_hwproj
16:57:12 INFO  : Result from executing command 'getProjects': fsbl;fsbl_bsp;fsbl_hwproj
16:57:14 INFO  : Result from executing command 'getProjects': fsbl;fsbl_bsp;fsbl_hwproj
16:57:14 INFO  : Result from executing command 'getProjects': fsbl;fsbl_bsp;fsbl_hwproj
16:57:14 INFO  : Result from executing command 'getProjects': fsbl;fsbl_bsp;fsbl_hwproj
16:57:14 INFO  : Result from executing command 'getProjects': fsbl;fsbl_bsp;fsbl_hwproj
16:57:14 INFO  : Result from executing command 'getProjects': fsbl;fsbl_bsp;fsbl_hwproj
16:57:14 INFO  : Result from executing command 'getProjects': fsbl;fsbl_bsp;fsbl_hwproj
16:57:14 INFO  : Result from executing command 'getProjects': fsbl;fsbl_bsp;fsbl_hwproj
16:57:14 INFO  : Result from executing command 'getProjects': fsbl;fsbl_bsp;fsbl_hwproj
16:57:14 ERROR : Unexpected error while parsing XMD response ￿: com.google.gson.JsonSyntaxException: com.google.gson.stream.MalformedJsonException: invalid number or unquoted string near 
16:57:25 INFO  : Registering command handlers for SDK TCF services
18:25:19 INFO  : Registering command handlers for SDK TCF services
18:25:21 INFO  : Restoring local repository preferences: 
		 /home/catabit/.opt/petalinux/tools/hsm/data/embeddedsw
18:25:24 INFO  : Result from executing command 'getProjects': fsbl_hwproj
18:25:24 INFO  : Result from executing command 'getProjects': fsbl_bsp
18:25:24 INFO  : Result from executing command 'getProjects': fsbl
18:25:26 INFO  : Copied contents of /home/catabit/Zybo/ledBtnAxiTut/build/tmp/deploy/images/plnx_arm/Xilinx-plnx_arm.hdf into /fsbl_hwproj/system.hdf.
18:25:30 INFO  : Synchronizing projects in the workspace with the hardware platform specification changes.
18:25:31 INFO  : 
18:25:37 INFO  : Updating hardware inferred compiler options for fsbl.
18:25:37 INFO  : Clearing existing target manager status.
18:25:38 WARN  : Given IPC port value is invalid. Using default port 2350
18:25:38 WARN  : Unable to obtain port 2350 for use by XMD, java.net.BindException: Address already in use (Bind failed)
18:25:38 WARN  : Given XMD timeout value is invalid. Using default value of 50000
18:25:43 WARN  : Given XMD transaction timeout value is invalid. Using default value of 60000 milli seconds
18:25:43 INFO  : Workspace synchronized with the new hardware specification file. Cleaning dependent projects...
18:25:45 WARN  : Linker script will not be updated automatically. Users need to update it manually.
18:25:45 INFO  : Result from executing command 'getDefinitions': {assembler-flags={description=Miscellaneous flags for assembler , props=add set}, build-config={values=Debug,Release, description=Get/set build configuration, props=set}, library-search-path={description=Search path for the libraries added, props=add remove}, compiler-misc={description=Compiler miscellaneous flags, props=add set}, define-compiler-symbols={description=Define symbols. Ex. MYSYMBOL, props=add remove}, compiler-optimization={values=None (-O0), Optimize (-O1), Optimize more (-O2), Optimize most (-O3), Optimize for size (-Os), description=Optimization level, props=set}, libraries={description=Libraries to be added while linking, props=add remove}, undef-compiler-symbols={description=Undefine symbols. Ex. MYSYMBOL, props=add remove}, linker-misc={description=Linker miscellaneous flags, props=add set}, include-path={description=Include path for header files, props=add remove}, linker-script={description=Linker script for linking the program sections, props=set}}
18:25:45 INFO  : Result from executing command 'getProjects': fsbl;fsbl_bsp;fsbl_hwproj
18:25:45 INFO  : Result from executing command 'set': null
18:25:45 INFO  : Result from executing command 'getProjects': fsbl;fsbl_bsp;fsbl_hwproj
18:25:45 INFO  : Result from executing command 'getProjects': fsbl;fsbl_bsp;fsbl_hwproj
18:25:45 INFO  : Result from executing command 'getProjects': fsbl;fsbl_bsp;fsbl_hwproj
18:25:45 INFO  : Result from executing command 'getProjects': fsbl;fsbl_bsp;fsbl_hwproj
18:25:45 INFO  : Result from executing command 'getProjects': fsbl;fsbl_bsp;fsbl_hwproj
18:25:45 INFO  : Result from executing command 'getProjects': fsbl;fsbl_bsp;fsbl_hwproj
18:25:45 INFO  : Result from executing command 'getProjects': fsbl;fsbl_bsp;fsbl_hwproj
18:25:45 INFO  : Result from executing command 'getProjects': fsbl;fsbl_bsp;fsbl_hwproj
18:25:45 INFO  : Result from executing command 'getProjects': fsbl;fsbl_bsp;fsbl_hwproj
18:25:45 INFO  : Result from executing command 'getProjects': fsbl;fsbl_bsp;fsbl_hwproj
18:25:45 INFO  : Result from executing command 'getProjects': fsbl;fsbl_bsp;fsbl_hwproj
18:25:45 INFO  : Result from executing command 'getProjects': fsbl;fsbl_bsp;fsbl_hwproj
18:25:45 INFO  : Result from executing command 'getProjects': fsbl;fsbl_bsp;fsbl_hwproj
18:25:45 INFO  : Result from executing command 'getProjects': fsbl;fsbl_bsp;fsbl_hwproj
18:25:45 INFO  : Result from executing command 'getProjects': fsbl;fsbl_bsp;fsbl_hwproj
18:25:45 INFO  : Result from executing command 'getProjects': fsbl;fsbl_bsp;fsbl_hwproj
18:25:45 ERROR : Unexpected error while parsing XMD response ￿: com.google.gson.JsonSyntaxException: com.google.gson.stream.MalformedJsonException: invalid number or unquoted string near 
18:26:13 INFO  : Registering command handlers for SDK TCF services
19:10:08 INFO  : Registering command handlers for SDK TCF services
19:10:10 INFO  : Restoring local repository preferences: 
		 /home/catabit/.opt/petalinux/tools/hsm/data/embeddedsw
19:10:13 INFO  : Result from executing command 'getProjects': fsbl_hwproj
19:10:13 INFO  : Result from executing command 'getProjects': fsbl_bsp
19:10:13 INFO  : Result from executing command 'getProjects': fsbl
19:10:15 INFO  : Copied contents of /home/catabit/Zybo/ledBtnAxiTut/build/tmp/deploy/images/plnx_arm/Xilinx-plnx_arm.hdf into /fsbl_hwproj/system.hdf.
19:10:17 INFO  : Synchronizing projects in the workspace with the hardware platform specification changes.
19:10:18 INFO  : 
19:10:22 INFO  : Updating hardware inferred compiler options for fsbl.
19:10:22 INFO  : Clearing existing target manager status.
19:10:23 WARN  : Given IPC port value is invalid. Using default port 2350
19:10:23 WARN  : Unable to obtain port 2350 for use by XMD, java.net.BindException: Address already in use (Bind failed)
19:10:23 WARN  : Given XMD timeout value is invalid. Using default value of 50000
19:10:28 WARN  : Given XMD transaction timeout value is invalid. Using default value of 60000 milli seconds
19:10:28 INFO  : Workspace synchronized with the new hardware specification file. Cleaning dependent projects...
19:10:29 WARN  : Linker script will not be updated automatically. Users need to update it manually.
19:10:29 INFO  : Result from executing command 'getDefinitions': {assembler-flags={description=Miscellaneous flags for assembler , props=add set}, build-config={values=Debug,Release, description=Get/set build configuration, props=set}, library-search-path={description=Search path for the libraries added, props=add remove}, compiler-misc={description=Compiler miscellaneous flags, props=add set}, define-compiler-symbols={description=Define symbols. Ex. MYSYMBOL, props=add remove}, compiler-optimization={values=None (-O0), Optimize (-O1), Optimize more (-O2), Optimize most (-O3), Optimize for size (-Os), description=Optimization level, props=set}, libraries={description=Libraries to be added while linking, props=add remove}, undef-compiler-symbols={description=Undefine symbols. Ex. MYSYMBOL, props=add remove}, linker-misc={description=Linker miscellaneous flags, props=add set}, include-path={description=Include path for header files, props=add remove}, linker-script={description=Linker script for linking the program sections, props=set}}
19:10:29 INFO  : Result from executing command 'getProjects': fsbl;fsbl_bsp;fsbl_hwproj
19:10:29 INFO  : Result from executing command 'set': null
19:10:29 INFO  : Result from executing command 'getProjects': fsbl;fsbl_bsp;fsbl_hwproj
19:10:29 INFO  : Result from executing command 'getProjects': fsbl;fsbl_bsp;fsbl_hwproj
19:10:29 INFO  : Result from executing command 'getProjects': fsbl;fsbl_bsp;fsbl_hwproj
19:10:29 INFO  : Result from executing command 'getProjects': fsbl;fsbl_bsp;fsbl_hwproj
19:10:29 INFO  : Result from executing command 'getProjects': fsbl;fsbl_bsp;fsbl_hwproj
19:10:29 INFO  : Result from executing command 'getProjects': fsbl;fsbl_bsp;fsbl_hwproj
19:10:29 INFO  : Result from executing command 'getProjects': fsbl;fsbl_bsp;fsbl_hwproj
19:10:29 INFO  : Result from executing command 'getProjects': fsbl;fsbl_bsp;fsbl_hwproj
19:10:29 INFO  : Result from executing command 'getProjects': fsbl;fsbl_bsp;fsbl_hwproj
19:10:29 INFO  : Result from executing command 'getProjects': fsbl;fsbl_bsp;fsbl_hwproj
19:10:29 INFO  : Result from executing command 'getProjects': fsbl;fsbl_bsp;fsbl_hwproj
19:10:29 INFO  : Result from executing command 'getProjects': fsbl;fsbl_bsp;fsbl_hwproj
19:10:29 INFO  : Result from executing command 'getProjects': fsbl;fsbl_bsp;fsbl_hwproj
19:10:29 INFO  : Result from executing command 'getProjects': fsbl;fsbl_bsp;fsbl_hwproj
19:10:29 INFO  : Result from executing command 'getProjects': fsbl;fsbl_bsp;fsbl_hwproj
19:10:29 INFO  : Result from executing command 'getProjects': fsbl;fsbl_bsp;fsbl_hwproj
19:10:29 ERROR : Unexpected error while parsing XMD response ￿: com.google.gson.JsonSyntaxException: com.google.gson.stream.MalformedJsonException: invalid number or unquoted string near 
19:10:57 INFO  : Registering command handlers for SDK TCF services
21:05:11 INFO  : Registering command handlers for SDK TCF services
21:05:13 INFO  : Restoring local repository preferences: 
		 /home/catabit/.opt/petalinux/tools/hsm/data/embeddedsw
21:05:17 INFO  : Result from executing command 'getProjects': fsbl_hwproj
21:05:17 INFO  : Result from executing command 'getProjects': fsbl_bsp
21:05:17 INFO  : Result from executing command 'getProjects': fsbl
21:05:19 INFO  : Copied contents of /home/catabit/Zybo/ledBtnAxiTut/build/tmp/deploy/images/plnx_arm/Xilinx-plnx_arm.hdf into /fsbl_hwproj/system.hdf.
21:05:23 INFO  : Synchronizing projects in the workspace with the hardware platform specification changes.
21:05:24 INFO  : 
21:05:28 INFO  : Updating hardware inferred compiler options for fsbl.
21:05:28 INFO  : Clearing existing target manager status.
21:05:28 WARN  : Given IPC port value is invalid. Using default port 2350
21:05:29 WARN  : Given XMD timeout value is invalid. Using default value of 50000
21:05:35 WARN  : Given XMD transaction timeout value is invalid. Using default value of 60000 milli seconds
21:05:35 INFO  : Workspace synchronized with the new hardware specification file. Cleaning dependent projects...
21:05:36 WARN  : Linker script will not be updated automatically. Users need to update it manually.
21:05:36 INFO  : Result from executing command 'getDefinitions': {assembler-flags={description=Miscellaneous flags for assembler , props=add set}, build-config={values=Debug,Release, description=Get/set build configuration, props=set}, library-search-path={description=Search path for the libraries added, props=add remove}, compiler-misc={description=Compiler miscellaneous flags, props=add set}, define-compiler-symbols={description=Define symbols. Ex. MYSYMBOL, props=add remove}, compiler-optimization={values=None (-O0), Optimize (-O1), Optimize more (-O2), Optimize most (-O3), Optimize for size (-Os), description=Optimization level, props=set}, libraries={description=Libraries to be added while linking, props=add remove}, undef-compiler-symbols={description=Undefine symbols. Ex. MYSYMBOL, props=add remove}, linker-misc={description=Linker miscellaneous flags, props=add set}, include-path={description=Include path for header files, props=add remove}, linker-script={description=Linker script for linking the program sections, props=set}}
21:05:36 INFO  : Result from executing command 'getProjects': fsbl;fsbl_bsp;fsbl_hwproj
21:05:36 INFO  : Result from executing command 'set': null
21:05:36 INFO  : Result from executing command 'getProjects': fsbl;fsbl_bsp;fsbl_hwproj
21:05:36 INFO  : Result from executing command 'getProjects': fsbl;fsbl_bsp;fsbl_hwproj
21:05:36 INFO  : Result from executing command 'getProjects': fsbl;fsbl_bsp;fsbl_hwproj
21:05:36 INFO  : Result from executing command 'getProjects': fsbl;fsbl_bsp;fsbl_hwproj
21:05:36 INFO  : Result from executing command 'getProjects': fsbl;fsbl_bsp;fsbl_hwproj
21:05:36 INFO  : Result from executing command 'getProjects': fsbl;fsbl_bsp;fsbl_hwproj
21:05:36 INFO  : Result from executing command 'getProjects': fsbl;fsbl_bsp;fsbl_hwproj
21:05:36 INFO  : Result from executing command 'getProjects': fsbl;fsbl_bsp;fsbl_hwproj
21:05:37 INFO  : Result from executing command 'getProjects': fsbl;fsbl_bsp;fsbl_hwproj
21:05:37 INFO  : Result from executing command 'getProjects': fsbl;fsbl_bsp;fsbl_hwproj
21:05:37 INFO  : Result from executing command 'getProjects': fsbl;fsbl_bsp;fsbl_hwproj
21:05:37 INFO  : Result from executing command 'getProjects': fsbl;fsbl_bsp;fsbl_hwproj
21:05:37 INFO  : Result from executing command 'getProjects': fsbl;fsbl_bsp;fsbl_hwproj
21:05:37 INFO  : Result from executing command 'getProjects': fsbl;fsbl_bsp;fsbl_hwproj
21:05:37 INFO  : Result from executing command 'getProjects': fsbl;fsbl_bsp;fsbl_hwproj
21:05:37 INFO  : Result from executing command 'getProjects': fsbl;fsbl_bsp;fsbl_hwproj
21:05:37 ERROR : Unexpected error while parsing XMD response ￿: com.google.gson.JsonSyntaxException: com.google.gson.stream.MalformedJsonException: invalid number or unquoted string near 
21:06:09 INFO  : Registering command handlers for SDK TCF services
15:32:18 INFO  : Registering command handlers for SDK TCF services
15:32:19 INFO  : Restoring local repository preferences: 
		 /home/catabit/.opt/petalinux/tools/hsm/data/embeddedsw
15:32:20 INFO  : Result from executing command 'getProjects': fsbl_hwproj
15:32:20 INFO  : Result from executing command 'getProjects': fsbl_bsp
15:32:20 INFO  : Result from executing command 'getProjects': fsbl
15:32:22 INFO  : Copied contents of /home/catabit/Zybo/ledBtnAxiTut/build/tmp/deploy/images/plnx_arm/Xilinx-plnx_arm.hdf into /fsbl_hwproj/system.hdf.
15:32:24 INFO  : Synchronizing projects in the workspace with the hardware platform specification changes.
15:32:24 INFO  : 
15:32:25 INFO  : Updating hardware inferred compiler options for fsbl.
15:32:25 INFO  : Clearing existing target manager status.
15:32:25 WARN  : Given IPC port value is invalid. Using default port 2350
15:32:25 WARN  : Given XMD timeout value is invalid. Using default value of 50000
15:32:28 WARN  : Given XMD transaction timeout value is invalid. Using default value of 60000 milli seconds
15:32:28 INFO  : Workspace synchronized with the new hardware specification file. Cleaning dependent projects...
15:32:29 WARN  : Linker script will not be updated automatically. Users need to update it manually.
15:32:29 INFO  : Result from executing command 'getDefinitions': {assembler-flags={description=Miscellaneous flags for assembler , props=add set}, build-config={values=Debug,Release, description=Get/set build configuration, props=set}, library-search-path={description=Search path for the libraries added, props=add remove}, compiler-misc={description=Compiler miscellaneous flags, props=add set}, define-compiler-symbols={description=Define symbols. Ex. MYSYMBOL, props=add remove}, compiler-optimization={values=None (-O0), Optimize (-O1), Optimize more (-O2), Optimize most (-O3), Optimize for size (-Os), description=Optimization level, props=set}, libraries={description=Libraries to be added while linking, props=add remove}, undef-compiler-symbols={description=Undefine symbols. Ex. MYSYMBOL, props=add remove}, linker-misc={description=Linker miscellaneous flags, props=add set}, include-path={description=Include path for header files, props=add remove}, linker-script={description=Linker script for linking the program sections, props=set}}
15:32:29 INFO  : Result from executing command 'getProjects': fsbl;fsbl_bsp;fsbl_hwproj
15:32:29 INFO  : Result from executing command 'set': null
15:32:29 INFO  : Result from executing command 'getProjects': fsbl;fsbl_bsp;fsbl_hwproj
15:32:29 INFO  : Result from executing command 'getProjects': fsbl;fsbl_bsp;fsbl_hwproj
15:32:29 INFO  : Result from executing command 'getProjects': fsbl;fsbl_bsp;fsbl_hwproj
15:32:29 INFO  : Result from executing command 'getProjects': fsbl;fsbl_bsp;fsbl_hwproj
15:32:29 INFO  : Result from executing command 'getProjects': fsbl;fsbl_bsp;fsbl_hwproj
15:32:29 INFO  : Result from executing command 'getProjects': fsbl;fsbl_bsp;fsbl_hwproj
15:32:29 INFO  : Result from executing command 'getProjects': fsbl;fsbl_bsp;fsbl_hwproj
15:32:29 INFO  : Result from executing command 'getProjects': fsbl;fsbl_bsp;fsbl_hwproj
15:32:29 INFO  : Result from executing command 'getProjects': fsbl;fsbl_bsp;fsbl_hwproj
15:32:29 INFO  : Result from executing command 'getProjects': fsbl;fsbl_bsp;fsbl_hwproj
15:32:29 INFO  : Result from executing command 'getProjects': fsbl;fsbl_bsp;fsbl_hwproj
15:32:29 INFO  : Result from executing command 'getProjects': fsbl;fsbl_bsp;fsbl_hwproj
15:32:29 INFO  : Result from executing command 'getProjects': fsbl;fsbl_bsp;fsbl_hwproj
15:32:29 INFO  : Result from executing command 'getProjects': fsbl;fsbl_bsp;fsbl_hwproj
15:32:29 INFO  : Result from executing command 'getProjects': fsbl;fsbl_bsp;fsbl_hwproj
15:32:29 INFO  : Result from executing command 'getProjects': fsbl;fsbl_bsp;fsbl_hwproj
15:32:29 ERROR : Unexpected error while parsing XMD response ￿: com.google.gson.JsonSyntaxException: com.google.gson.stream.MalformedJsonException: invalid number or unquoted string near 
15:32:58 INFO  : Registering command handlers for SDK TCF services
15:46:44 INFO  : Registering command handlers for SDK TCF services
17:24:31 INFO  : Registering command handlers for SDK TCF services
17:24:32 INFO  : Restoring local repository preferences: 
		 /home/catabit/.opt/petalinux/tools/hsm/data/embeddedsw
17:24:33 INFO  : Result from executing command 'getProjects': fsbl_hwproj
17:24:33 INFO  : Result from executing command 'getProjects': fsbl_bsp
17:24:33 INFO  : Result from executing command 'getProjects': fsbl
17:24:36 INFO  : Copied contents of /home/catabit/Zybo/ledBtnAxiTut/build/tmp/deploy/images/plnx_arm/Xilinx-plnx_arm.hdf into /fsbl_hwproj/system.hdf.
17:24:39 INFO  : Synchronizing projects in the workspace with the hardware platform specification changes.
17:24:40 INFO  : 
17:24:40 INFO  : Updating hardware inferred compiler options for fsbl.
17:24:40 INFO  : Clearing existing target manager status.
17:24:41 WARN  : Given IPC port value is invalid. Using default port 2350
17:24:41 WARN  : Given XMD timeout value is invalid. Using default value of 50000
17:24:45 WARN  : Given XMD transaction timeout value is invalid. Using default value of 60000 milli seconds
17:24:45 INFO  : Workspace synchronized with the new hardware specification file. Cleaning dependent projects...
17:24:46 WARN  : Linker script will not be updated automatically. Users need to update it manually.
17:24:46 INFO  : Result from executing command 'getDefinitions': {assembler-flags={description=Miscellaneous flags for assembler , props=add set}, build-config={values=Debug,Release, description=Get/set build configuration, props=set}, library-search-path={description=Search path for the libraries added, props=add remove}, compiler-misc={description=Compiler miscellaneous flags, props=add set}, define-compiler-symbols={description=Define symbols. Ex. MYSYMBOL, props=add remove}, compiler-optimization={values=None (-O0), Optimize (-O1), Optimize more (-O2), Optimize most (-O3), Optimize for size (-Os), description=Optimization level, props=set}, libraries={description=Libraries to be added while linking, props=add remove}, undef-compiler-symbols={description=Undefine symbols. Ex. MYSYMBOL, props=add remove}, linker-misc={description=Linker miscellaneous flags, props=add set}, include-path={description=Include path for header files, props=add remove}, linker-script={description=Linker script for linking the program sections, props=set}}
17:24:46 INFO  : Result from executing command 'getProjects': fsbl;fsbl_bsp;fsbl_hwproj
17:24:46 INFO  : Result from executing command 'set': null
17:24:46 INFO  : Result from executing command 'getProjects': fsbl;fsbl_bsp;fsbl_hwproj
17:24:46 INFO  : Result from executing command 'getProjects': fsbl;fsbl_bsp;fsbl_hwproj
17:24:46 INFO  : Result from executing command 'getProjects': fsbl;fsbl_bsp;fsbl_hwproj
17:24:46 INFO  : Result from executing command 'getProjects': fsbl;fsbl_bsp;fsbl_hwproj
17:24:46 INFO  : Result from executing command 'getProjects': fsbl;fsbl_bsp;fsbl_hwproj
17:24:46 INFO  : Result from executing command 'getProjects': fsbl;fsbl_bsp;fsbl_hwproj
17:24:46 INFO  : Result from executing command 'getProjects': fsbl;fsbl_bsp;fsbl_hwproj
17:24:46 INFO  : Result from executing command 'getProjects': fsbl;fsbl_bsp;fsbl_hwproj
17:24:46 INFO  : Result from executing command 'getProjects': fsbl;fsbl_bsp;fsbl_hwproj
17:24:46 INFO  : Result from executing command 'getProjects': fsbl;fsbl_bsp;fsbl_hwproj
17:24:46 INFO  : Result from executing command 'getProjects': fsbl;fsbl_bsp;fsbl_hwproj
17:24:46 INFO  : Result from executing command 'getProjects': fsbl;fsbl_bsp;fsbl_hwproj
17:24:46 INFO  : Result from executing command 'getProjects': fsbl;fsbl_bsp;fsbl_hwproj
17:24:46 INFO  : Result from executing command 'getProjects': fsbl;fsbl_bsp;fsbl_hwproj
17:24:46 INFO  : Result from executing command 'getProjects': fsbl;fsbl_bsp;fsbl_hwproj
17:24:46 INFO  : Result from executing command 'getProjects': fsbl;fsbl_bsp;fsbl_hwproj
17:24:47 ERROR : Unexpected error while parsing XMD response ￿: com.google.gson.JsonSyntaxException: com.google.gson.stream.MalformedJsonException: invalid number or unquoted string near 
17:25:02 INFO  : Registering command handlers for SDK TCF services
19:05:03 INFO  : Registering command handlers for SDK TCF services
19:05:04 INFO  : Restoring local repository preferences: 
		 /home/catabit/.opt/petalinux/tools/hsm/data/embeddedsw
19:05:05 INFO  : Result from executing command 'getProjects': fsbl_hwproj
19:05:05 INFO  : Result from executing command 'getProjects': fsbl_bsp
19:05:05 INFO  : Result from executing command 'getProjects': fsbl
19:05:08 INFO  : Copied contents of /home/catabit/Zybo/ledBtnAxiTut/build/tmp/deploy/images/plnx_arm/Xilinx-plnx_arm.hdf into /fsbl_hwproj/system.hdf.
19:05:12 INFO  : Synchronizing projects in the workspace with the hardware platform specification changes.
19:05:12 INFO  : 
19:05:13 INFO  : Updating hardware inferred compiler options for fsbl.
19:05:13 INFO  : Clearing existing target manager status.
19:05:13 WARN  : Given IPC port value is invalid. Using default port 2350
19:05:13 WARN  : Unable to obtain port 2350 for use by XMD, java.net.BindException: Address already in use (Bind failed)
19:05:13 WARN  : Given XMD timeout value is invalid. Using default value of 50000
19:05:18 WARN  : Given XMD transaction timeout value is invalid. Using default value of 60000 milli seconds
19:05:18 INFO  : Workspace synchronized with the new hardware specification file. Cleaning dependent projects...
19:05:20 WARN  : Linker script will not be updated automatically. Users need to update it manually.
19:05:20 INFO  : Result from executing command 'getDefinitions': {assembler-flags={description=Miscellaneous flags for assembler , props=add set}, build-config={values=Debug,Release, description=Get/set build configuration, props=set}, library-search-path={description=Search path for the libraries added, props=add remove}, compiler-misc={description=Compiler miscellaneous flags, props=add set}, define-compiler-symbols={description=Define symbols. Ex. MYSYMBOL, props=add remove}, compiler-optimization={values=None (-O0), Optimize (-O1), Optimize more (-O2), Optimize most (-O3), Optimize for size (-Os), description=Optimization level, props=set}, libraries={description=Libraries to be added while linking, props=add remove}, undef-compiler-symbols={description=Undefine symbols. Ex. MYSYMBOL, props=add remove}, linker-misc={description=Linker miscellaneous flags, props=add set}, include-path={description=Include path for header files, props=add remove}, linker-script={description=Linker script for linking the program sections, props=set}}
19:05:20 INFO  : Result from executing command 'getProjects': fsbl;fsbl_bsp;fsbl_hwproj
19:05:20 INFO  : Result from executing command 'set': null
19:05:20 INFO  : Result from executing command 'getProjects': fsbl;fsbl_bsp;fsbl_hwproj
19:05:20 INFO  : Result from executing command 'getProjects': fsbl;fsbl_bsp;fsbl_hwproj
19:05:20 INFO  : Result from executing command 'getProjects': fsbl;fsbl_bsp;fsbl_hwproj
19:05:20 INFO  : Result from executing command 'getProjects': fsbl;fsbl_bsp;fsbl_hwproj
19:05:20 INFO  : Result from executing command 'getProjects': fsbl;fsbl_bsp;fsbl_hwproj
19:05:20 INFO  : Result from executing command 'getProjects': fsbl;fsbl_bsp;fsbl_hwproj
19:05:20 INFO  : Result from executing command 'getProjects': fsbl;fsbl_bsp;fsbl_hwproj
19:05:20 INFO  : Result from executing command 'getProjects': fsbl;fsbl_bsp;fsbl_hwproj
19:05:20 INFO  : Result from executing command 'getProjects': fsbl;fsbl_bsp;fsbl_hwproj
19:05:20 INFO  : Result from executing command 'getProjects': fsbl;fsbl_bsp;fsbl_hwproj
19:05:20 INFO  : Result from executing command 'getProjects': fsbl;fsbl_bsp;fsbl_hwproj
19:05:20 INFO  : Result from executing command 'getProjects': fsbl;fsbl_bsp;fsbl_hwproj
19:05:20 INFO  : Result from executing command 'getProjects': fsbl;fsbl_bsp;fsbl_hwproj
19:05:20 INFO  : Result from executing command 'getProjects': fsbl;fsbl_bsp;fsbl_hwproj
19:05:20 INFO  : Result from executing command 'getProjects': fsbl;fsbl_bsp;fsbl_hwproj
19:05:20 INFO  : Result from executing command 'getProjects': fsbl;fsbl_bsp;fsbl_hwproj
19:05:20 ERROR : Unexpected error while parsing XMD response ￿: com.google.gson.JsonSyntaxException: com.google.gson.stream.MalformedJsonException: invalid number or unquoted string near 
19:05:36 INFO  : Registering command handlers for SDK TCF services
19:08:32 INFO  : Registering command handlers for SDK TCF services
13:21:21 INFO  : Registering command handlers for SDK TCF services
13:21:24 INFO  : Restoring local repository preferences: 
		 /home/catabit/.opt/petalinux/tools/hsm/data/embeddedsw
13:21:26 INFO  : Result from executing command 'getProjects': fsbl_hwproj
13:21:26 INFO  : Result from executing command 'getProjects': fsbl_bsp
13:21:26 INFO  : Result from executing command 'getProjects': fsbl
13:21:33 INFO  : The new hardware specification file contains the same information as the current specification file. No changes were done to the workspace.
13:21:33 INFO  : Result from executing command 'getDefinitions': {assembler-flags={description=Miscellaneous flags for assembler , props=add set}, build-config={values=Debug,Release, description=Get/set build configuration, props=set}, library-search-path={description=Search path for the libraries added, props=add remove}, compiler-misc={description=Compiler miscellaneous flags, props=add set}, define-compiler-symbols={description=Define symbols. Ex. MYSYMBOL, props=add remove}, compiler-optimization={values=None (-O0), Optimize (-O1), Optimize more (-O2), Optimize most (-O3), Optimize for size (-Os), description=Optimization level, props=set}, libraries={description=Libraries to be added while linking, props=add remove}, undef-compiler-symbols={description=Undefine symbols. Ex. MYSYMBOL, props=add remove}, linker-misc={description=Linker miscellaneous flags, props=add set}, include-path={description=Include path for header files, props=add remove}, linker-script={description=Linker script for linking the program sections, props=set}}
13:21:33 INFO  : Result from executing command 'getProjects': fsbl;fsbl_bsp;fsbl_hwproj
13:21:36 INFO  : Result from executing command 'set': null
13:21:36 INFO  : Result from executing command 'getProjects': fsbl;fsbl_bsp;fsbl_hwproj
13:21:36 INFO  : Result from executing command 'getProjects': fsbl;fsbl_bsp;fsbl_hwproj
13:21:36 INFO  : Result from executing command 'getProjects': fsbl;fsbl_bsp;fsbl_hwproj
13:21:36 INFO  : Result from executing command 'getProjects': fsbl;fsbl_bsp;fsbl_hwproj
13:21:36 INFO  : Result from executing command 'getProjects': fsbl;fsbl_bsp;fsbl_hwproj
13:21:36 INFO  : Result from executing command 'getProjects': fsbl;fsbl_bsp;fsbl_hwproj
13:21:36 INFO  : Result from executing command 'getProjects': fsbl;fsbl_bsp;fsbl_hwproj
13:21:36 INFO  : Result from executing command 'getProjects': fsbl;fsbl_bsp;fsbl_hwproj
13:21:37 INFO  : Result from executing command 'getProjects': fsbl;fsbl_bsp;fsbl_hwproj
13:21:37 INFO  : Result from executing command 'getProjects': fsbl;fsbl_bsp;fsbl_hwproj
13:21:38 INFO  : Result from executing command 'getProjects': fsbl;fsbl_bsp;fsbl_hwproj
13:21:38 INFO  : Result from executing command 'getProjects': fsbl;fsbl_bsp;fsbl_hwproj
13:21:38 INFO  : Result from executing command 'getProjects': fsbl;fsbl_bsp;fsbl_hwproj
13:21:38 INFO  : Result from executing command 'getProjects': fsbl;fsbl_bsp;fsbl_hwproj
13:21:38 INFO  : Result from executing command 'getProjects': fsbl;fsbl_bsp;fsbl_hwproj
13:21:38 INFO  : Result from executing command 'getProjects': fsbl;fsbl_bsp;fsbl_hwproj
13:24:55 INFO  : Registering command handlers for SDK TCF services
21:37:12 INFO  : Registering command handlers for SDK TCF services
21:37:16 INFO  : Restoring local repository preferences: 
		 /home/catabit/.opt/petalinux/tools/hsm/data/embeddedsw
21:37:22 INFO  : Result from executing command 'getProjects': fsbl_hwproj
21:37:22 INFO  : Result from executing command 'getProjects': fsbl_bsp
21:37:22 INFO  : Result from executing command 'getProjects': fsbl
21:37:27 INFO  : Copied contents of /home/catabit/Zybo/ledBtnAxiTut/build/tmp/deploy/images/plnx_arm/Xilinx-plnx_arm.hdf into /fsbl_hwproj/system.hdf.
21:37:32 INFO  : Synchronizing projects in the workspace with the hardware platform specification changes.
21:37:34 INFO  : 
21:37:38 INFO  : Updating hardware inferred compiler options for fsbl.
21:37:38 INFO  : Clearing existing target manager status.
21:37:38 WARN  : Given IPC port value is invalid. Using default port 2350
21:37:38 WARN  : Given XMD timeout value is invalid. Using default value of 50000
21:37:46 WARN  : Given XMD transaction timeout value is invalid. Using default value of 60000 milli seconds
21:37:46 INFO  : Workspace synchronized with the new hardware specification file. Cleaning dependent projects...
21:37:48 WARN  : Linker script will not be updated automatically. Users need to update it manually.
21:37:48 INFO  : Result from executing command 'getDefinitions': {assembler-flags={description=Miscellaneous flags for assembler , props=add set}, build-config={values=Debug,Release, description=Get/set build configuration, props=set}, library-search-path={description=Search path for the libraries added, props=add remove}, compiler-misc={description=Compiler miscellaneous flags, props=add set}, define-compiler-symbols={description=Define symbols. Ex. MYSYMBOL, props=add remove}, compiler-optimization={values=None (-O0), Optimize (-O1), Optimize more (-O2), Optimize most (-O3), Optimize for size (-Os), description=Optimization level, props=set}, libraries={description=Libraries to be added while linking, props=add remove}, undef-compiler-symbols={description=Undefine symbols. Ex. MYSYMBOL, props=add remove}, linker-misc={description=Linker miscellaneous flags, props=add set}, include-path={description=Include path for header files, props=add remove}, linker-script={description=Linker script for linking the program sections, props=set}}
21:37:48 INFO  : Result from executing command 'getProjects': fsbl;fsbl_bsp;fsbl_hwproj
21:37:48 INFO  : Result from executing command 'set': null
21:37:48 INFO  : Result from executing command 'getProjects': fsbl;fsbl_bsp;fsbl_hwproj
21:37:48 INFO  : Result from executing command 'getProjects': fsbl;fsbl_bsp;fsbl_hwproj
21:37:48 INFO  : Result from executing command 'getProjects': fsbl;fsbl_bsp;fsbl_hwproj
21:37:49 INFO  : Result from executing command 'getProjects': fsbl;fsbl_bsp;fsbl_hwproj
21:37:49 INFO  : Result from executing command 'getProjects': fsbl;fsbl_bsp;fsbl_hwproj
21:37:49 INFO  : Result from executing command 'getProjects': fsbl;fsbl_bsp;fsbl_hwproj
21:37:49 INFO  : Result from executing command 'getProjects': fsbl;fsbl_bsp;fsbl_hwproj
21:37:49 INFO  : Result from executing command 'getProjects': fsbl;fsbl_bsp;fsbl_hwproj
21:37:49 INFO  : Result from executing command 'getProjects': fsbl;fsbl_bsp;fsbl_hwproj
21:37:49 INFO  : Result from executing command 'getProjects': fsbl;fsbl_bsp;fsbl_hwproj
21:37:49 INFO  : Result from executing command 'getProjects': fsbl;fsbl_bsp;fsbl_hwproj
21:37:49 INFO  : Result from executing command 'getProjects': fsbl;fsbl_bsp;fsbl_hwproj
21:37:49 INFO  : Result from executing command 'getProjects': fsbl;fsbl_bsp;fsbl_hwproj
21:37:49 INFO  : Result from executing command 'getProjects': fsbl;fsbl_bsp;fsbl_hwproj
21:37:49 INFO  : Result from executing command 'getProjects': fsbl;fsbl_bsp;fsbl_hwproj
21:37:49 INFO  : Result from executing command 'getProjects': fsbl;fsbl_bsp;fsbl_hwproj
21:37:50 ERROR : Unexpected error while parsing XMD response ￿: com.google.gson.JsonSyntaxException: com.google.gson.stream.MalformedJsonException: invalid number or unquoted string near 
21:41:07 INFO  : Registering command handlers for SDK TCF services
21:50:59 INFO  : Registering command handlers for SDK TCF services
